18:40:11 **** Build of configuration Debug for project TestLinkList ****
make all 
Building file: ../src/source/TestLinkList.cpp
Invoking: GCC C++ Compiler
g++ -O0 -g3 -Wall -c -fmessage-length=0 -MMD -MP -MF"src/source/TestLinkList.d" -MT"src/source/TestLinkList.d" -o "src/source/TestLinkList.o" "../src/source/TestLinkList.cpp"
Finished building: ../src/source/TestLinkList.cpp
 
Building target: TestLinkList
Invoking: GCC C++ Linker
g++  -o "TestLinkList"  ./src/source/TestLinkList.o   
Finished building target: TestLinkList
 
18:40:14 **** Incremental Build of configuration Debug for project TestLinkList ****
make all 
make: 没有什么可以做的为 `all'。
18:45:29 **** Incremental Build of configuration Debug for project TestLinkList ****
make all 
Building file: ../src/source/TestLinkList.cpp
Invoking: GCC C++ Compiler
g++ -O0 -g3 -Wall -c -fmessage-length=0 -MMD -MP -MF"src/source/TestLinkList.d" -MT"src/source/TestLinkList.d" -o "src/source/TestLinkList.o" "../src/source/TestLinkList.cpp"
Finished building: ../src/source/TestLinkList.cpp
 
Building target: TestLinkList
Invoking: GCC C++ Linker
g++  -o "TestLinkList"  ./src/source/TestLinkList.o   
Finished building target: TestLinkList
 
